# JRE version: Java(TM) SE Runtime Environment 18.9 (11.0.17+10) (build 11.0.17+10-LTS-269)
# Java VM: Java HotSpot(TM) 64-Bit Server VM 18.9 (11.0.17+10-LTS-269, mixed mode, tiered, compressed oops, g1 gc, windows-amd64)
Heap:
 garbage-first heap   total 131072K, used 93045K [0x0000000080000000, 0x0000000100000000)
  region size 1024K, 11 young (11264K), 3 survivors (3072K)
 Metaspace       used 91728K, capacity 94315K, committed 94544K, reserved 598016K
  class space    used 12209K, capacity 13283K, committed 13312K, reserved 516096K
GC Heap History (10 events):
Event: 83.946 GC heap before
{Heap before GC invocations=27 (full 0):
 garbage-first heap   total 131072K, used 106446K [0x0000000080000000, 0x0000000100000000)
  region size 1024K, 36 young (36864K), 4 survivors (4096K)
 Metaspace       used 83310K, capacity 85575K, committed 85712K, reserved 591872K
  class space    used 10917K, capacity 11848K, committed 11904K, reserved 516096K
}
Event: 83.958 GC heap after
{Heap after GC invocations=28 (full 0):
 garbage-first heap   total 131072K, used 76481K [0x0000000080000000, 0x0000000100000000)
  region size 1024K, 5 young (5120K), 5 survivors (5120K)
 Metaspace       used 83310K, capacity 85575K, committed 85712K, reserved 591872K
  class space    used 10917K, capacity 11848K, committed 11904K, reserved 516096K
}
Event: 84.848 GC heap before
{Heap before GC invocations=29 (full 0):
 garbage-first heap   total 131072K, used 108225K [0x0000000080000000, 0x0000000100000000)
  region size 1024K, 36 young (36864K), 5 survivors (5120K)
 Metaspace       used 86858K, capacity 89094K, committed 89296K, reserved 593920K
  class space    used 11454K, capacity 12402K, committed 12416K, reserved 516096K
}
Event: 84.860 GC heap after
{Heap after GC invocations=30 (full 0):
 garbage-first heap   total 131072K, used 78682K [0x0000000080000000, 0x0000000100000000)
  region size 1024K, 2 young (2048K), 2 survivors (2048K)
 Metaspace       used 86858K, capacity 89094K, committed 89296K, reserved 593920K
  class space    used 11454K, capacity 12402K, committed 12416K, reserved 516096K
}
Event: 85.583 GC heap before
{Heap before GC invocations=30 (full 0):
 garbage-first heap   total 131072K, used 109402K [0x0000000080000000, 0x0000000100000000)
  region size 1024K, 32 young (32768K), 2 survivors (2048K)
 Metaspace       used 89542K, capacity 91827K, committed 92112K, reserved 595968K
  class space    used 11908K, capacity 12835K, committed 12928K, reserved 516096K
}
Event: 85.592 GC heap after
{Heap after GC invocations=31 (full 0):
 garbage-first heap   total 131072K, used 80519K [0x0000000080000000, 0x0000000100000000)
  region size 1024K, 4 young (4096K), 4 survivors (4096K)
 Metaspace       used 89542K, capacity 91827K, committed 92112K, reserved 595968K
  class space    used 11908K, capacity 12835K, committed 12928K, reserved 516096K
}
Event: 86.266 GC heap before
{Heap before GC invocations=32 (full 0):
 garbage-first heap   total 131072K, used 110215K [0x0000000080000000, 0x0000000100000000)
  region size 1024K, 33 young (33792K), 4 survivors (4096K)
 Metaspace       used 90474K, capacity 93023K, committed 93392K, reserved 598016K
  class space    used 12050K, capacity 13065K, committed 13184K, reserved 516096K
}
Event: 86.282 GC heap after
{Heap after GC invocations=33 (full 0):
 garbage-first heap   total 131072K, used 84016K [0x0000000080000000, 0x0000000100000000)
  region size 1024K, 5 young (5120K), 5 survivors (5120K)
 Metaspace       used 90474K, capacity 93023K, committed 93392K, reserved 598016K
  class space    used 12050K, capacity 13065K, committed 13184K, reserved 516096K
}
Event: 87.139 GC heap before
{Heap before GC invocations=33 (full 0):
 garbage-first heap   total 131072K, used 109616K [0x0000000080000000, 0x0000000100000000)
  region size 1024K, 30 young (30720K), 5 survivors (5120K)
 Metaspace       used 91638K, capacity 94227K, committed 94288K, reserved 598016K
  class space    used 12209K, capacity 13283K, committed 13312K, reserved 516096K
}
Event: 87.155 GC heap after
{Heap after GC invocations=34 (full 0):
 garbage-first heap   total 131072K, used 86901K [0x0000000080000000, 0x0000000100000000)
  region size 1024K, 3 young (3072K), 3 survivors (3072K)
 Metaspace       used 91638K, capacity 94227K, committed 94288K, reserved 598016K
  class space    used 12209K, capacity 13283K, committed 13312K, reserved 516096K
}

