# JRE version: Java(TM) SE Runtime Environment 18.9 (11.0.17+10) (build 11.0.17+10-LTS-269)
# Java VM: Java HotSpot(TM) 64-Bit Server VM 18.9 (11.0.17+10-LTS-269, mixed mode, tiered, compressed oops, g1 gc, windows-amd64)
Heap:
 garbage-first heap   total 131072K, used 68652K [0x0000000080000000, 0x0000000100000000)
  region size 1024K, 4 young (4096K), 3 survivors (3072K)
 Metaspace       used 72922K, capacity 75098K, committed 75216K, reserved 581632K
  class space    used 9687K, capacity 10561K, committed 10624K, reserved 516096K
GC Heap History (10 events):
Event: 83.794 GC heap before
{Heap before GC invocations=14 (full 0):
 garbage-first heap   total 131072K, used 91699K [0x0000000080000000, 0x0000000100000000)
  region size 1024K, 58 young (59392K), 9 survivors (9216K)
 Metaspace       used 57960K, capacity 59594K, committed 59728K, reserved 569344K
  class space    used 7692K, capacity 8376K, committed 8448K, reserved 516096K
}
Event: 83.809 GC heap after
{Heap after GC invocations=15 (full 0):
 garbage-first heap   total 131072K, used 44346K [0x0000000080000000, 0x0000000100000000)
  region size 1024K, 3 young (3072K), 3 survivors (3072K)
 Metaspace       used 57960K, capacity 59594K, committed 59728K, reserved 569344K
  class space    used 7692K, capacity 8376K, committed 8448K, reserved 516096K
}
Event: 84.444 GC heap before
{Heap before GC invocations=16 (full 0):
 garbage-first heap   total 131072K, used 102714K [0x0000000080000000, 0x0000000100000000)
  region size 1024K, 60 young (61440K), 3 survivors (3072K)
 Metaspace       used 61508K, capacity 63191K, committed 63312K, reserved 571392K
  class space    used 8127K, capacity 8841K, committed 8960K, reserved 516096K
}
Event: 84.456 GC heap after
{Heap after GC invocations=17 (full 0):
 garbage-first heap   total 131072K, used 47088K [0x0000000080000000, 0x0000000100000000)
  region size 1024K, 5 young (5120K), 5 survivors (5120K)
 Metaspace       used 61508K, capacity 63191K, committed 63312K, reserved 571392K
  class space    used 8127K, capacity 8841K, committed 8960K, reserved 516096K
}
Event: 86.648 GC heap before
{Heap before GC invocations=18 (full 0):
 garbage-first heap   total 131072K, used 104432K [0x0000000080000000, 0x0000000100000000)
  region size 1024K, 61 young (62464K), 5 survivors (5120K)
 Metaspace       used 64874K, capacity 66784K, committed 66896K, reserved 575488K
  class space    used 8616K, capacity 9407K, committed 9472K, reserved 516096K
}
Event: 86.665 GC heap after
{Heap after GC invocations=19 (full 0):
 garbage-first heap   total 131072K, used 51022K [0x0000000080000000, 0x0000000100000000)
  region size 1024K, 7 young (7168K), 7 survivors (7168K)
 Metaspace       used 64874K, capacity 66784K, committed 66896K, reserved 575488K
  class space    used 8616K, capacity 9407K, committed 9472K, reserved 516096K
}
Event: 88.391 GC heap before
{Heap before GC invocations=19 (full 0):
 garbage-first heap   total 131072K, used 104270K [0x0000000080000000, 0x0000000100000000)
  region size 1024K, 60 young (61440K), 7 survivors (7168K)
 Metaspace       used 68974K, capacity 71035K, committed 71248K, reserved 577536K
  class space    used 9153K, capacity 9984K, committed 9984K, reserved 516096K
}
Event: 88.411 GC heap after
{Heap after GC invocations=20 (full 0):
 garbage-first heap   total 131072K, used 54841K [0x0000000080000000, 0x0000000100000000)
  region size 1024K, 8 young (8192K), 8 survivors (8192K)
 Metaspace       used 68974K, capacity 71035K, committed 71248K, reserved 577536K
  class space    used 9153K, capacity 9984K, committed 9984K, reserved 516096K
}
Event: 89.714 GC heap before
{Heap before GC invocations=20 (full 0):
 garbage-first heap   total 131072K, used 106041K [0x0000000080000000, 0x0000000100000000)
  region size 1024K, 57 young (58368K), 8 survivors (8192K)
 Metaspace       used 72652K, capacity 74810K, committed 74960K, reserved 581632K
  class space    used 9654K, capacity 10529K, committed 10624K, reserved 516096K
}
Event: 89.735 GC heap after
{Heap after GC invocations=21 (full 0):
 garbage-first heap   total 131072K, used 63843K [0x0000000080000000, 0x0000000100000000)
  region size 1024K, 7 young (7168K), 7 survivors (7168K)
 Metaspace       used 72652K, capacity 74810K, committed 74960K, reserved 581632K
  class space    used 9654K, capacity 10529K, committed 10624K, reserved 516096K
}

