# JRE version: Java(TM) SE Runtime Environment 18.9 (11.0.17+10) (build 11.0.17+10-LTS-269)
# Java VM: Java HotSpot(TM) 64-Bit Server VM 18.9 (11.0.17+10-LTS-269, mixed mode, tiered, compressed oops, g1 gc, windows-amd64)
Heap:
 garbage-first heap   total 290816K, used 202180K [0x0000000080000000, 0x0000000100000000)
  region size 1024K, 16 young (16384K), 7 survivors (7168K)
 Metaspace       used 126118K, capacity 130492K, committed 130640K, reserved 630784K
  class space    used 16170K, capacity 17812K, committed 17920K, reserved 516096K
GC Heap History (10 events):
Event: 202.644 GC heap before
{Heap before GC invocations=90 (full 0):
 garbage-first heap   total 290816K, used 246434K [0x0000000080000000, 0x0000000100000000)
  region size 1024K, 51 young (52224K), 7 survivors (7168K)
 Metaspace       used 122943K, capacity 127004K, committed 127312K, reserved 626688K
  class space    used 15784K, capacity 17330K, committed 17408K, reserved 516096K
}
Event: 202.665 GC heap after
{Heap after GC invocations=91 (full 0):
 garbage-first heap   total 290816K, used 206514K [0x0000000080000000, 0x0000000100000000)
  region size 1024K, 4 young (4096K), 4 survivors (4096K)
 Metaspace       used 122943K, capacity 127004K, committed 127312K, reserved 626688K
  class space    used 15784K, capacity 17330K, committed 17408K, reserved 516096K
}
Event: 223.974 GC heap before
{Heap before GC invocations=92 (full 0):
 garbage-first heap   total 290816K, used 248498K [0x0000000080000000, 0x0000000100000000)
  region size 1024K, 46 young (47104K), 4 survivors (4096K)
 Metaspace       used 125529K, capacity 129720K, committed 130000K, reserved 628736K
  class space    used 16123K, capacity 17725K, committed 17792K, reserved 516096K
}
Event: 223.996 GC heap after
{Heap after GC invocations=93 (full 0):
 garbage-first heap   total 290816K, used 212513K [0x0000000080000000, 0x0000000100000000)
  region size 1024K, 6 young (6144K), 6 survivors (6144K)
 Metaspace       used 125529K, capacity 129720K, committed 130000K, reserved 628736K
  class space    used 16123K, capacity 17725K, committed 17792K, reserved 516096K
}
Event: 224.126 GC heap before
{Heap before GC invocations=93 (full 0):
 garbage-first heap   total 290816K, used 220705K [0x0000000080000000, 0x0000000100000000)
  region size 1024K, 14 young (14336K), 6 survivors (6144K)
 Metaspace       used 125535K, capacity 129720K, committed 130000K, reserved 628736K
  class space    used 16123K, capacity 17725K, committed 17792K, reserved 516096K
}
Event: 224.162 GC heap after
{Heap after GC invocations=94 (full 0):
 garbage-first heap   total 290816K, used 190868K [0x0000000080000000, 0x0000000100000000)
  region size 1024K, 2 young (2048K), 2 survivors (2048K)
 Metaspace       used 125535K, capacity 129720K, committed 130000K, reserved 628736K
  class space    used 16123K, capacity 17725K, committed 17792K, reserved 516096K
}
Event: 224.285 GC heap before
{Heap before GC invocations=94 (full 0):
 garbage-first heap   total 290816K, used 202132K [0x0000000080000000, 0x0000000100000000)
  region size 1024K, 14 young (14336K), 2 survivors (2048K)
 Metaspace       used 125538K, capacity 129720K, committed 130000K, reserved 628736K
  class space    used 16123K, capacity 17725K, committed 17792K, reserved 516096K
}
Event: 224.329 GC heap after
{Heap after GC invocations=95 (full 0):
 garbage-first heap   total 290816K, used 182598K [0x0000000080000000, 0x0000000100000000)
  region size 1024K, 2 young (2048K), 2 survivors (2048K)
 Metaspace       used 125538K, capacity 129720K, committed 130000K, reserved 628736K
  class space    used 16123K, capacity 17725K, committed 17792K, reserved 516096K
}
Event: 225.145 GC heap before
{Heap before GC invocations=95 (full 0):
 garbage-first heap   total 290816K, used 232774K [0x0000000080000000, 0x0000000100000000)
  region size 1024K, 51 young (52224K), 2 survivors (2048K)
 Metaspace       used 125967K, capacity 130286K, committed 130512K, reserved 630784K
  class space    used 16158K, capacity 17790K, committed 17792K, reserved 516096K
}
Event: 225.175 GC heap after
{Heap after GC invocations=96 (full 0):
 garbage-first heap   total 290816K, used 193988K [0x0000000080000000, 0x0000000100000000)
  region size 1024K, 7 young (7168K), 7 survivors (7168K)
 Metaspace       used 125967K, capacity 130286K, committed 130512K, reserved 630784K
  class space    used 16158K, capacity 17790K, committed 17792K, reserved 516096K
}

