# JRE version: Java(TM) SE Runtime Environment 18.9 (11.0.17+10) (build 11.0.17+10-LTS-269)
# Java VM: Java HotSpot(TM) 64-Bit Server VM 18.9 (11.0.17+10-LTS-269, mixed mode, tiered, compressed oops, g1 gc, windows-amd64)
Heap:
 garbage-first heap   total 395264K, used 311296K [0x0000000080000000, 0x0000000100000000)
  region size 1024K, 51 young (52224K), 5 survivors (5120K)
 Metaspace       used 121637K, capacity 126616K, committed 126792K, reserved 626688K
  class space    used 15892K, capacity 17850K, committed 17920K, reserved 516096K
GC Heap History (10 events):
Event: 155.724 GC heap before
{Heap before GC invocations=76 (full 0):
 garbage-first heap   total 395264K, used 326233K [0x0000000080000000, 0x0000000100000000)
  region size 1024K, 96 young (98304K), 10 survivors (10240K)
 Metaspace       used 117871K, capacity 122853K, committed 122952K, reserved 622592K
  class space    used 15411K, capacity 17324K, committed 17408K, reserved 516096K
}
Event: 155.750 GC heap after
{Heap after GC invocations=77 (full 0):
 garbage-first heap   total 395264K, used 236965K [0x0000000080000000, 0x0000000100000000)
  region size 1024K, 9 young (9216K), 9 survivors (9216K)
 Metaspace       used 117871K, capacity 122853K, committed 122952K, reserved 622592K
  class space    used 15411K, capacity 17324K, committed 17408K, reserved 516096K
}
Event: 157.765 GC heap before
{Heap before GC invocations=77 (full 0):
 garbage-first heap   total 395264K, used 327077K [0x0000000080000000, 0x0000000100000000)
  region size 1024K, 94 young (96256K), 9 survivors (9216K)
 Metaspace       used 119376K, capacity 124371K, committed 124616K, reserved 624640K
  class space    used 15592K, capacity 17502K, committed 17536K, reserved 516096K
}
Event: 157.795 GC heap after
{Heap after GC invocations=78 (full 0):
 garbage-first heap   total 395264K, used 245839K [0x0000000080000000, 0x0000000100000000)
  region size 1024K, 11 young (11264K), 11 survivors (11264K)
 Metaspace       used 119376K, capacity 124371K, committed 124616K, reserved 624640K
  class space    used 15592K, capacity 17502K, committed 17536K, reserved 516096K
}
Event: 159.296 GC heap before
{Heap before GC invocations=78 (full 0):
 garbage-first heap   total 395264K, used 332879K [0x0000000080000000, 0x0000000100000000)
  region size 1024K, 89 young (91136K), 11 survivors (11264K)
 Metaspace       used 120111K, capacity 125063K, committed 125256K, reserved 624640K
  class space    used 15674K, capacity 17596K, committed 17664K, reserved 516096K
}
Event: 159.326 GC heap after
{Heap after GC invocations=79 (full 0):
 garbage-first heap   total 395264K, used 252845K [0x0000000080000000, 0x0000000100000000)
  region size 1024K, 8 young (8192K), 8 survivors (8192K)
 Metaspace       used 120111K, capacity 125063K, committed 125256K, reserved 624640K
  class space    used 15674K, capacity 17596K, committed 17664K, reserved 516096K
}
Event: 160.368 GC heap before
{Heap before GC invocations=79 (full 0):
 garbage-first heap   total 395264K, used 332717K [0x0000000080000000, 0x0000000100000000)
  region size 1024K, 83 young (84992K), 8 survivors (8192K)
 Metaspace       used 120150K, capacity 125129K, committed 125256K, reserved 624640K
  class space    used 15674K, capacity 17596K, committed 17664K, reserved 516096K
}
Event: 160.392 GC heap after
{Heap after GC invocations=80 (full 0):
 garbage-first heap   total 395264K, used 258048K [0x0000000080000000, 0x0000000100000000)
  region size 1024K, 6 young (6144K), 6 survivors (6144K)
 Metaspace       used 120150K, capacity 125129K, committed 125256K, reserved 624640K
  class space    used 15674K, capacity 17596K, committed 17664K, reserved 516096K
}
Event: 169.356 GC heap before
{Heap before GC invocations=80 (full 0):
 garbage-first heap   total 395264K, used 335872K [0x0000000080000000, 0x0000000100000000)
  region size 1024K, 79 young (80896K), 6 survivors (6144K)
 Metaspace       used 121106K, capacity 126124K, committed 126408K, reserved 626688K
  class space    used 15807K, capacity 17756K, committed 17792K, reserved 516096K
}
Event: 169.374 GC heap after
{Heap after GC invocations=81 (full 0):
 garbage-first heap   total 395264K, used 262144K [0x0000000080000000, 0x0000000100000000)
  region size 1024K, 5 young (5120K), 5 survivors (5120K)
 Metaspace       used 121106K, capacity 126124K, committed 126408K, reserved 626688K
  class space    used 15807K, capacity 17756K, committed 17792K, reserved 516096K
}

